Traceback (most recent call last):
  File "/home/thebigduke/.local/bin/uvicorn", line 8, in <module>
    sys.exit(main())
  File "/home/thebigduke/.local/lib/python3.10/site-packages/click/core.py", line 1485, in __call__
    return self.main(*args, **kwargs)
  File "/home/thebigduke/.local/lib/python3.10/site-packages/click/core.py", line 1406, in main
    rv = self.invoke(ctx)
  File "/home/thebigduke/.local/lib/python3.10/site-packages/click/core.py", line 1269, in invoke
    return ctx.invoke(self.callback, **ctx.params)
  File "/home/thebigduke/.local/lib/python3.10/site-packages/click/core.py", line 824, in invoke
    return callback(*args, **kwargs)
  File "/home/thebigduke/.local/lib/python3.10/site-packages/uvicorn/main.py", line 424, in main
    run(
  File "/home/thebigduke/.local/lib/python3.10/site-packages/uvicorn/main.py", line 594, in run
    server.run()
  File "/home/thebigduke/.local/lib/python3.10/site-packages/uvicorn/server.py", line 67, in run
    return asyncio_run(self.serve(sockets=sockets), loop_factory=self.config.get_loop_factory())
  File "/home/thebigduke/.local/lib/python3.10/site-packages/uvicorn/_compat.py", line 60, in asyncio_run
    return loop.run_until_complete(main)
  File "uvloop/loop.pyx", line 1518, in uvloop.loop.Loop.run_until_complete
  File "/home/thebigduke/.local/lib/python3.10/site-packages/uvicorn/server.py", line 71, in serve
    await self._serve(sockets)
  File "/home/thebigduke/.local/lib/python3.10/site-packages/uvicorn/server.py", line 78, in _serve
    config.load()
  File "/home/thebigduke/.local/lib/python3.10/site-packages/uvicorn/config.py", line 439, in load
    self.loaded_app = import_from_string(self.app)
  File "/home/thebigduke/.local/lib/python3.10/site-packages/uvicorn/importer.py", line 19, in import_from_string
    module = importlib.import_module(module_str)
  File "/usr/lib/python3.10/importlib/__init__.py", line 126, in import_module
    return _bootstrap._gcd_import(name[level:], package, level)
  File "<frozen importlib._bootstrap>", line 1050, in _gcd_import
  File "<frozen importlib._bootstrap>", line 1027, in _find_and_load
  File "<frozen importlib._bootstrap>", line 1006, in _find_and_load_unlocked
  File "<frozen importlib._bootstrap>", line 688, in _load_unlocked
  File "<frozen importlib._bootstrap_external>", line 883, in exec_module
  File "<frozen importlib._bootstrap>", line 241, in _call_with_frames_removed
  File "/home/thebigduke/repository-template/backend/app/main.py", line 5, in <module>
    from app.core.database import engine, Base
  File "/home/thebigduke/repository-template/backend/app/core/database.py", line 3, in <module>
    from app.core.config import settings
  File "/home/thebigduke/repository-template/backend/app/core/config.py", line 19, in <module>
    settings = Settings()
  File "/home/thebigduke/.local/lib/python3.10/site-packages/pydantic_settings/main.py", line 193, in __init__
    super().__init__(
  File "/home/thebigduke/.local/lib/python3.10/site-packages/pydantic/main.py", line 250, in __init__
    validated_self = self.__pydantic_validator__.validate_python(data, self_instance=self)
pydantic_core._pydantic_core.ValidationError: 3 validation errors for Settings
app
  Field required [type=missing, input_value={}, input_type=dict]
    For further information visit https://errors.pydantic.dev/2.12/v/missing
database
  Field required [type=missing, input_value={}, input_type=dict]
    For further information visit https://errors.pydantic.dev/2.12/v/missing
security
  Field required [type=missing, input_value={}, input_type=dict]
    For further information visit https://errors.pydantic.dev/2.12/v/missing
